<?xml version="1.0" encoding="UTF-8"?>
<testng-results ignored="0" total="2" passed="2" failed="0" skipped="0">
  <reporter-output>
  </reporter-output>
  <suite started-at="2025-09-18T17:21:01 IST" name="AutomationAnyWhereWebSiteSuite" finished-at="2025-09-18T17:21:44 IST" duration-ms="42299">
    <groups>
    </groups>
    <test started-at="2025-09-18T17:21:01 IST" name="ProductDiscoveryPageTest" finished-at="2025-09-18T17:21:14 IST" duration-ms="12500">
      <class name="MavenDefaultProject.ProductDiscoveryPageTest">
        <test-method is-config="true" signature="launchHomepage()[pri:0, instance:MavenDefaultProject.ProductDiscoveryPageTest@7c9d8e2]" started-at="2025-09-18T17:21:01 IST" name="launchHomepage" finished-at="2025-09-18T17:21:10 IST" duration-ms="9042" status="PASS">
          <reporter-output>
          </reporter-output>
        </test-method> <!-- launchHomepage -->
        <test-method signature="productDiscoveryPageTitleTest()[pri:0, instance:MavenDefaultProject.ProductDiscoveryPageTest@7c9d8e2]" started-at="2025-09-18T17:21:11 IST" name="productDiscoveryPageTitleTest" finished-at="2025-09-18T17:21:14 IST" duration-ms="3260" status="PASS">
          <reporter-output>
          </reporter-output>
        </test-method> <!-- productDiscoveryPageTitleTest -->
        <test-method is-config="true" signature="teardown()[pri:0, instance:MavenDefaultProject.ProductDiscoveryPageTest@7c9d8e2]" started-at="2025-09-18T17:21:14 IST" name="teardown" finished-at="2025-09-18T17:21:14 IST" duration-ms="161" status="PASS">
          <reporter-output>
          </reporter-output>
        </test-method> <!-- teardown -->
      </class> <!-- MavenDefaultProject.ProductDiscoveryPageTest -->
    </test> <!-- ProductDiscoveryPageTest -->
    <test started-at="2025-09-18T17:21:14 IST" name="RequestDemoPageTest" finished-at="2025-09-18T17:21:44 IST" duration-ms="29753">
      <class name="MavenDefaultProject.RequestDemoPageTest">
        <test-method is-config="true" signature="launchHomepage()[pri:0, instance:MavenDefaultProject.RequestDemoPageTest@1dac5ef]" started-at="2025-09-18T17:21:14 IST" name="launchHomepage" finished-at="2025-09-18T17:21:37 IST" duration-ms="23004" status="PASS">
          <reporter-output>
          </reporter-output>
        </test-method> <!-- launchHomepage -->
        <test-method signature="requestdemoPageLabelsTest()[pri:0, instance:MavenDefaultProject.RequestDemoPageTest@1dac5ef]" started-at="2025-09-18T17:21:37 IST" name="requestdemoPageLabelsTest" finished-at="2025-09-18T17:21:44 IST" duration-ms="6643" status="PASS">
          <reporter-output>
          </reporter-output>
        </test-method> <!-- requestdemoPageLabelsTest -->
        <test-method is-config="true" signature="teardown()[pri:0, instance:MavenDefaultProject.RequestDemoPageTest@1dac5ef]" started-at="2025-09-18T17:21:44 IST" name="teardown" finished-at="2025-09-18T17:21:44 IST" duration-ms="103" status="PASS">
          <reporter-output>
          </reporter-output>
        </test-method> <!-- teardown -->
      </class> <!-- MavenDefaultProject.RequestDemoPageTest -->
    </test> <!-- RequestDemoPageTest -->
  </suite> <!-- AutomationAnyWhereWebSiteSuite -->
</testng-results>
