<?xml version="1.0" encoding="UTF-8"?>
<testng-results ignored="0" total="2" passed="2" failed="0" skipped="0">
  <reporter-output>
  </reporter-output>
  <suite started-at="2025-09-18T17:23:32 IST" name="AutomationAnyWhereWebSiteSuite" finished-at="2025-09-18T17:24:33 IST" duration-ms="60503">
    <groups>
    </groups>
    <test started-at="2025-09-18T17:23:32 IST" name="ProductDiscoveryPageTest" finished-at="2025-09-18T17:24:01 IST" duration-ms="28647">
      <class name="MavenDefaultProject.ProductDiscoveryPageTest">
        <test-method is-config="true" signature="launchHomepage()[pri:0, instance:MavenDefaultProject.ProductDiscoveryPageTest@1e802ef9]" started-at="2025-09-18T17:23:32 IST" name="launchHomepage" finished-at="2025-09-18T17:23:57 IST" duration-ms="24764" status="PASS">
          <reporter-output>
          </reporter-output>
        </test-method> <!-- launchHomepage -->
        <test-method signature="productDiscoveryPageTitleTest()[pri:0, instance:MavenDefaultProject.ProductDiscoveryPageTest@1e802ef9]" started-at="2025-09-18T17:23:57 IST" name="productDiscoveryPageTitleTest" finished-at="2025-09-18T17:24:01 IST" duration-ms="3718" status="PASS">
          <reporter-output>
          </reporter-output>
        </test-method> <!-- productDiscoveryPageTitleTest -->
        <test-method is-config="true" signature="teardown()[pri:0, instance:MavenDefaultProject.ProductDiscoveryPageTest@1e802ef9]" started-at="2025-09-18T17:24:01 IST" name="teardown" finished-at="2025-09-18T17:24:01 IST" duration-ms="121" status="PASS">
          <reporter-output>
          </reporter-output>
        </test-method> <!-- teardown -->
      </class> <!-- MavenDefaultProject.ProductDiscoveryPageTest -->
    </test> <!-- ProductDiscoveryPageTest -->
    <test started-at="2025-09-18T17:24:01 IST" name="RequestDemoPageTest" finished-at="2025-09-18T17:24:33 IST" duration-ms="31830">
      <class name="MavenDefaultProject.RequestDemoPageTest">
        <test-method is-config="true" signature="launchHomepage()[pri:0, instance:MavenDefaultProject.RequestDemoPageTest@769f71a9]" started-at="2025-09-18T17:24:01 IST" name="launchHomepage" finished-at="2025-09-18T17:24:26 IST" duration-ms="24768" status="PASS">
          <reporter-output>
          </reporter-output>
        </test-method> <!-- launchHomepage -->
        <test-method signature="requestdemoPageLabelsTest()[pri:0, instance:MavenDefaultProject.RequestDemoPageTest@769f71a9]" started-at="2025-09-18T17:24:26 IST" name="requestdemoPageLabelsTest" finished-at="2025-09-18T17:24:33 IST" duration-ms="6941" status="PASS">
          <reporter-output>
          </reporter-output>
        </test-method> <!-- requestdemoPageLabelsTest -->
        <test-method is-config="true" signature="teardown()[pri:0, instance:MavenDefaultProject.RequestDemoPageTest@769f71a9]" started-at="2025-09-18T17:24:33 IST" name="teardown" finished-at="2025-09-18T17:24:33 IST" duration-ms="120" status="PASS">
          <reporter-output>
          </reporter-output>
        </test-method> <!-- teardown -->
      </class> <!-- MavenDefaultProject.RequestDemoPageTest -->
    </test> <!-- RequestDemoPageTest -->
  </suite> <!-- AutomationAnyWhereWebSiteSuite -->
</testng-results>
