<?xml version="1.0" encoding="UTF-8"?>
<!-- Generated by org.testng.reporters.JUnitXMLReporter -->
<testsuite ignored="0" hostname="DESKTOP-OHO73S1" failures="0" tests="6" name="FlipkartTest" time="30.773" errors="0" timestamp="2025-09-26T03:44:47 IST">
  <testcase classname="SeleniumTestNG.tests.FlipkartTest" name="CloseLoginPopup" time="0.03"/>
  <testcase classname="SeleniumTestNG.tests.FlipkartTest" name="verifyFlipkartLogo" time="0.048"/>
  <testcase classname="SeleniumTestNG.tests.FlipkartTest" name="searchItem" time="4.735"/>
  <testcase classname="SeleniumTestNG.tests.FlipkartTest" name="ClickFirstItem" time="0.177"/>
  <testcase classname="SeleniumTestNG.tests.FlipkartTest" name="AddToCart" time="25.59"/>
  <testcase classname="SeleniumTestNG.tests.FlipkartTest" name="VerifyItemAddedtoCart" time="0.14"/>
</testsuite> <!-- FlipkartTest -->
